# JRE version: Java(TM) SE Runtime Environment (8.0_231-b11) (build 1.8.0_231-b11)
# Java VM: Java HotSpot(TM) 64-Bit Server VM (25.231-b11 mixed mode windows-amd64 compressed oops)
Heap:
 PSYoungGen      total 111104K, used 3515K [0x0000000770500000, 0x0000000778d00000, 0x00000007c0000000)
  eden space 104960K, 3% used [0x0000000770500000,0x000000077086ec08,0x0000000776b80000)
  from space 6144K, 0% used [0x0000000778700000,0x0000000778700000,0x0000000778d00000)
  to   space 10240K, 0% used [0x0000000777900000,0x0000000777900000,0x0000000778300000)
 ParOldGen       total 83456K, used 12273K [0x00000006d0e00000, 0x00000006d5f80000, 0x0000000770500000)
  object space 83456K, 14% used [0x00000006d0e00000,0x00000006d19fc688,0x00000006d5f80000)
 Metaspace       used 33848K, capacity 35486K, committed 35672K, reserved 1081344K
  class space    used 4362K, capacity 4701K, committed 4736K, reserved 1048576K
GC Heap History (10 events):
Event: 2.005 GC heap before
{Heap before GC invocations=4 (full 1):
 PSYoungGen      total 71680K, used 6555K [0x0000000770500000, 0x0000000779100000, 0x00000007c0000000)
  eden space 61440K, 0% used [0x0000000770500000,0x0000000770500000,0x0000000774100000)
  from space 10240K, 64% used [0x0000000774100000,0x0000000774766f78,0x0000000774b00000)
  to   space 10240K, 0% used [0x0000000778700000,0x0000000778700000,0x0000000779100000)
 ParOldGen       total 163840K, used 32K [0x00000006d0e00000, 0x00000006dae00000, 0x0000000770500000)
  object space 163840K, 0% used [0x00000006d0e00000,0x00000006d0e08000,0x00000006dae00000)
 Metaspace       used 20519K, capacity 21176K, committed 21248K, reserved 1067008K
  class space    used 2624K, capacity 2811K, committed 2816K, reserved 1048576K
Event: 2.037 GC heap after
Heap after GC invocations=4 (full 1):
 PSYoungGen      total 71680K, used 0K [0x0000000770500000, 0x0000000779100000, 0x00000007c0000000)
  eden space 61440K, 0% used [0x0000000770500000,0x0000000770500000,0x0000000774100000)
  from space 10240K, 0% used [0x0000000774100000,0x0000000774100000,0x0000000774b00000)
  to   space 10240K, 0% used [0x0000000778700000,0x0000000778700000,0x0000000779100000)
 ParOldGen       total 83456K, used 6364K [0x00000006d0e00000, 0x00000006d5f80000, 0x0000000770500000)
  object space 83456K, 7% used [0x00000006d0e00000,0x00000006d1437140,0x00000006d5f80000)
 Metaspace       used 20517K, capacity 21170K, committed 21248K, reserved 1067008K
  class space    used 2624K, capacity 2810K, committed 2816K, reserved 1048576K
}
Event: 3.026 GC heap before
{Heap before GC invocations=5 (full 1):
 PSYoungGen      total 71680K, used 61440K [0x0000000770500000, 0x0000000779100000, 0x00000007c0000000)
  eden space 61440K, 100% used [0x0000000770500000,0x0000000774100000,0x0000000774100000)
  from space 10240K, 0% used [0x0000000774100000,0x0000000774100000,0x0000000774b00000)
  to   space 10240K, 0% used [0x0000000778700000,0x0000000778700000,0x0000000779100000)
 ParOldGen       total 83456K, used 6364K [0x00000006d0e00000, 0x00000006d5f80000, 0x0000000770500000)
  object space 83456K, 7% used [0x00000006d0e00000,0x00000006d1437140,0x00000006d5f80000)
 Metaspace       used 23619K, capacity 24604K, committed 24832K, reserved 1071104K
  class space    used 3049K, capacity 3304K, committed 3328K, reserved 1048576K
Event: 3.031 GC heap after
Heap after GC invocations=5 (full 1):
 PSYoungGen      total 111104K, used 5733K [0x0000000770500000, 0x0000000778d00000, 0x00000007c0000000)
  eden space 104960K, 0% used [0x0000000770500000,0x0000000770500000,0x0000000776b80000)
  from space 6144K, 93% used [0x0000000778700000,0x0000000778c99480,0x0000000778d00000)
  to   space 10240K, 0% used [0x0000000777900000,0x0000000777900000,0x0000000778300000)
 ParOldGen       total 83456K, used 6372K [0x00000006d0e00000, 0x00000006d5f80000, 0x0000000770500000)
  object space 83456K, 7% used [0x00000006d0e00000,0x00000006d1439140,0x00000006d5f80000)
 Metaspace       used 23619K, capacity 24604K, committed 24832K, reserved 1071104K
  class space    used 3049K, capacity 3304K, committed 3328K, reserved 1048576K
}
Event: 4.769 GC heap before
{Heap before GC invocations=6 (full 1):
 PSYoungGen      total 111104K, used 110693K [0x0000000770500000, 0x0000000778d00000, 0x00000007c0000000)
  eden space 104960K, 100% used [0x0000000770500000,0x0000000776b80000,0x0000000776b80000)
  from space 6144K, 93% used [0x0000000778700000,0x0000000778c99480,0x0000000778d00000)
  to   space 10240K, 0% used [0x0000000777900000,0x0000000777900000,0x0000000778300000)
 ParOldGen       total 83456K, used 6372K [0x00000006d0e00000, 0x00000006d5f80000, 0x0000000770500000)
  object space 83456K, 7% used [0x00000006d0e00000,0x00000006d1439140,0x00000006d5f80000)
 Metaspace       used 33063K, capacity 34750K, committed 34816K, reserved 1079296K
  class space    used 4263K, capacity 4577K, committed 4608K, reserved 1048576K
Event: 4.782 GC heap after
Heap after GC invocations=6 (full 1):
 PSYoungGen      total 115200K, used 10213K [0x0000000770500000, 0x0000000778d00000, 0x00000007c0000000)
  eden space 104960K, 0% used [0x0000000770500000,0x0000000770500000,0x0000000776b80000)
  from space 10240K, 99% used [0x0000000777900000,0x00000007782f9558,0x0000000778300000)
  to   space 6144K, 0% used [0x0000000778700000,0x0000000778700000,0x0000000778d00000)
 ParOldGen       total 83456K, used 9043K [0x00000006d0e00000, 0x00000006d5f80000, 0x0000000770500000)
  object space 83456K, 10% used [0x00000006d0e00000,0x00000006d16d4d98,0x00000006d5f80000)
 Metaspace       used 33063K, capacity 34750K, committed 34816K, reserved 1079296K
  class space    used 4263K, capacity 4577K, committed 4608K, reserved 1048576K
}
Event: 4.986 GC heap before
{Heap before GC invocations=7 (full 1):
 PSYoungGen      total 115200K, used 25528K [0x0000000770500000, 0x0000000778d00000, 0x00000007c0000000)
  eden space 104960K, 14% used [0x0000000770500000,0x00000007713f4dd8,0x0000000776b80000)
  from space 10240K, 99% used [0x0000000777900000,0x00000007782f9558,0x0000000778300000)
  to   space 6144K, 0% used [0x0000000778700000,0x0000000778700000,0x0000000778d00000)
 ParOldGen       total 83456K, used 9043K [0x00000006d0e00000, 0x00000006d5f80000, 0x0000000770500000)
  object space 83456K, 10% used [0x00000006d0e00000,0x00000006d16d4d98,0x00000006d5f80000)
 Metaspace       used 33716K, capacity 35288K, committed 35416K, reserved 1079296K
  class space    used 4343K, capacity 4660K, committed 4736K, reserved 1048576K
Event: 4.993 GC heap after
Heap after GC invocations=7 (full 1):
 PSYoungGen      total 111104K, used 6116K [0x0000000770500000, 0x0000000778d00000, 0x00000007c0000000)
  eden space 104960K, 0% used [0x0000000770500000,0x0000000770500000,0x0000000776b80000)
  from space 6144K, 99% used [0x0000000778700000,0x0000000778cf9040,0x0000000778d00000)
  to   space 10240K, 0% used [0x0000000777900000,0x0000000777900000,0x0000000778300000)
 ParOldGen       total 83456K, used 10575K [0x00000006d0e00000, 0x00000006d5f80000, 0x0000000770500000)
  object space 83456K, 12% used [0x00000006d0e00000,0x00000006d1853f40,0x00000006d5f80000)
 Metaspace       used 33716K, capacity 35288K, committed 35416K, reserved 1079296K
  class space    used 4343K, capacity 4660K, committed 4736K, reserved 1048576K
}
Event: 4.993 GC heap before
{Heap before GC invocations=8 (full 2):
 PSYoungGen      total 111104K, used 6116K [0x0000000770500000, 0x0000000778d00000, 0x00000007c0000000)
  eden space 104960K, 0% used [0x0000000770500000,0x0000000770500000,0x0000000776b80000)
  from space 6144K, 99% used [0x0000000778700000,0x0000000778cf9040,0x0000000778d00000)
  to   space 10240K, 0% used [0x0000000777900000,0x0000000777900000,0x0000000778300000)
 ParOldGen       total 83456K, used 10575K [0x00000006d0e00000, 0x00000006d5f80000, 0x0000000770500000)
  object space 83456K, 12% used [0x00000006d0e00000,0x00000006d1853f40,0x00000006d5f80000)
 Metaspace       used 33716K, capacity 35288K, committed 35416K, reserved 1079296K
  class space    used 4343K, capacity 4660K, committed 4736K, reserved 1048576K
Event: 5.034 GC heap after
Heap after GC invocations=8 (full 2):
 PSYoungGen      total 111104K, used 0K [0x0000000770500000, 0x0000000778d00000, 0x00000007c0000000)
  eden space 104960K, 0% used [0x0000000770500000,0x0000000770500000,0x0000000776b80000)
  from space 6144K, 0% used [0x0000000778700000,0x0000000778700000,0x0000000778d00000)
  to   space 10240K, 0% used [0x0000000777900000,0x0000000777900000,0x0000000778300000)
 ParOldGen       total 83456K, used 12273K [0x00000006d0e00000, 0x00000006d5f80000, 0x0000000770500000)
  object space 83456K, 14% used [0x00000006d0e00000,0x00000006d19fc688,0x00000006d5f80000)
 Metaspace       used 33716K, capacity 35288K, committed 35416K, reserved 1079296K
  class space    used 4343K, capacity 4660K, committed 4736K, reserved 1048576K
}

